<?xml version="1.0" encoding="UTF-8"?>
<!-- Generated by org.testng.reporters.JUnitReportReporter -->
<testsuite hostname="Mez_Laptop" failures="0" tests="1" name="tutorialsNinja.TestCases.LoginTest" time="9.601" errors="0" timestamp="2024-08-13T22:28:00 EDT" skipped="0">
  <testcase classname="tutorialsNinja.TestCases.LoginTest" name="loginWithValidCredentials" time="9.601"/>
</testsuite> <!-- tutorialsNinja.TestCases.LoginTest -->
