<?xml version="1.0" encoding="UTF-8"?>
<!-- Generated by org.testng.reporters.JUnitReportReporter -->
<testsuite hostname="Mez_Laptop" failures="0" tests="1" name="tutorialsNinja.TestCases.RegisterTest" time="8.838" errors="0" timestamp="2024-08-13T22:28:00 EDT" skipped="0">
  <testcase classname="tutorialsNinja.TestCases.RegisterTest" name="verifyRegisterWithAllDetails" time="8.838"/>
</testsuite> <!-- tutorialsNinja.TestCases.RegisterTest -->
