<?xml version="1.0" encoding="UTF-8"?>
<!-- Generated by org.testng.reporters.JUnitReportReporter -->
<testsuite hostname="Mez_Laptop" failures="0" tests="1" name="tutorialsNinja.TestCases.CheckoutTest" time="8.805" errors="0" timestamp="2024-08-13T22:28:00 EDT" skipped="0">
  <testcase classname="tutorialsNinja.TestCases.CheckoutTest" name="searchValidProduct" time="8.805"/>
</testsuite> <!-- tutorialsNinja.TestCases.CheckoutTest -->
